[00:01:32] [Server thread/WARN]: Can't keep up! Is the server overloaded? Running 68851ms or 1377 ticks behind
[00:02:59] [Server thread/WARN]: Can't keep up! Is the server overloaded? Running 57024ms or 1140 ticks behind
[00:04:30] [Server thread/WARN]: Can't keep up! Is the server overloaded? Running 60995ms or 1219 ticks behind
[00:06:02] [Server thread/WARN]: Can't keep up! Is the server overloaded? Running 62244ms or 1244 ticks behind
[00:07:27] [Server thread/WARN]: Can't keep up! Is the server overloaded? Running 54841ms or 1096 ticks behind
[00:08:53] [Server thread/WARN]: Can't keep up! Is the server overloaded? Running 55735ms or 1114 ticks behind
[00:10:20] [Server thread/WARN]: Can't keep up! Is the server overloaded? Running 56731ms or 1134 ticks behind
[00:11:45] [Server thread/WARN]: Can't keep up! Is the server overloaded? Running 55458ms or 1109 ticks behind
[00:13:12] [Server thread/WARN]: Can't keep up! Is the server overloaded? Running 56687ms or 1133 ticks behind
[00:14:37] [Server thread/WARN]: Can't keep up! Is the server overloaded? Running 55652ms or 1113 ticks behind
[00:16:04] [Server thread/WARN]: Can't keep up! Is the server overloaded? Running 56708ms or 1134 ticks behind
[00:17:31] [Server thread/WARN]: Can't keep up! Is the server overloaded? Running 57322ms or 1146 ticks behind
[00:18:58] [Server thread/WARN]: Can't keep up! Is the server overloaded? Running 57162ms or 1143 ticks behind
[00:20:24] [Server thread/WARN]: Can't keep up! Is the server overloaded? Running 55441ms or 1108 ticks behind
[00:21:50] [Server thread/WARN]: Can't keep up! Is the server overloaded? Running 56025ms or 1120 ticks behind
[00:23:19] [Server thread/WARN]: Can't keep up! Is the server overloaded? Running 59475ms or 1189 ticks behind
[00:24:45] [Server thread/WARN]: Can't keep up! Is the server overloaded? Running 55850ms or 1117 ticks behind
[00:26:12] [Server thread/WARN]: Can't keep up! Is the server overloaded? Running 57139ms or 1142 ticks behind
[00:27:38] [Server thread/WARN]: Can't keep up! Is the server overloaded? Running 55868ms or 1117 ticks behind
[00:29:01] [Server thread/WARN]: Can't keep up! Is the server overloaded? Running 53118ms or 1062 ticks behind
[00:30:27] [Server thread/WARN]: Can't keep up! Is the server overloaded? Running 55731ms or 1114 ticks behind
[00:31:51] [Server thread/WARN]: Can't keep up! Is the server overloaded? Running 53791ms or 1075 ticks behind
[00:33:15] [Server thread/WARN]: Can't keep up! Is the server overloaded? Running 54019ms or 1080 ticks behind
[00:34:39] [Server thread/WARN]: Can't keep up! Is the server overloaded? Running 54483ms or 1089 ticks behind
[00:36:06] [Server thread/WARN]: Can't keep up! Is the server overloaded? Running 57149ms or 1142 ticks behind
[00:37:31] [Server thread/WARN]: Can't keep up! Is the server overloaded? Running 54695ms or 1093 ticks behind
[00:38:57] [Server thread/WARN]: Can't keep up! Is the server overloaded? Running 56047ms or 1120 ticks behind
[00:40:39] [Server thread/WARN]: Can't keep up! Is the server overloaded? Running 72660ms or 1453 ticks behind
[00:42:15] [Server thread/WARN]: Can't keep up! Is the server overloaded? Running 65749ms or 1314 ticks behind
[00:43:42] [Server thread/WARN]: Can't keep up! Is the server overloaded? Running 57097ms or 1141 ticks behind
[00:45:08] [Server thread/WARN]: Can't keep up! Is the server overloaded? Running 56065ms or 1121 ticks behind
[00:46:32] [Server thread/WARN]: Can't keep up! Is the server overloaded? Running 54222ms or 1084 ticks behind
[00:47:59] [Server thread/WARN]: Can't keep up! Is the server overloaded? Running 56114ms or 1122 ticks behind
[00:49:21] [Server thread/WARN]: Can't keep up! Is the server overloaded? Running 52607ms or 1052 ticks behind
[00:50:46] [Server thread/WARN]: Can't keep up! Is the server overloaded? Running 55012ms or 1100 ticks behind
[00:52:08] [Server thread/WARN]: Can't keep up! Is the server overloaded? Running 51703ms or 1034 ticks behind
[00:53:30] [Server thread/WARN]: Can't keep up! Is the server overloaded? Running 51963ms or 1039 ticks behind
[00:54:54] [Server thread/WARN]: Can't keep up! Is the server overloaded? Running 54288ms or 1085 ticks behind
[00:56:21] [Server thread/WARN]: Can't keep up! Is the server overloaded? Running 56518ms or 1130 ticks behind
[00:57:47] [Server thread/WARN]: Can't keep up! Is the server overloaded? Running 56126ms or 1122 ticks behind
[00:59:13] [Server thread/WARN]: Can't keep up! Is the server overloaded? Running 56515ms or 1130 ticks behind
[01:00:42] [Server thread/WARN]: Can't keep up! Is the server overloaded? Running 58729ms or 1174 ticks behind
[01:02:11] [Server thread/WARN]: Can't keep up! Is the server overloaded? Running 59224ms or 1184 ticks behind
[01:03:39] [Server thread/WARN]: Can't keep up! Is the server overloaded? Running 58126ms or 1162 ticks behind
[01:05:07] [Server thread/WARN]: Can't keep up! Is the server overloaded? Running 58351ms or 1167 ticks behind
[01:06:31] [Server thread/WARN]: Can't keep up! Is the server overloaded? Running 53828ms or 1076 ticks behind
[01:07:56] [Server thread/WARN]: Can't keep up! Is the server overloaded? Running 55137ms or 1102 ticks behind
[01:09:25] [Server thread/WARN]: Can't keep up! Is the server overloaded? Running 58847ms or 1176 ticks behind
[01:10:51] [Server thread/WARN]: Can't keep up! Is the server overloaded? Running 56021ms or 1120 ticks behind
[01:12:17] [Server thread/WARN]: Can't keep up! Is the server overloaded? Running 55554ms or 1111 ticks behind
[01:13:40] [Server thread/WARN]: Can't keep up! Is the server overloaded? Running 53659ms or 1073 ticks behind
[01:15:02] [Server thread/WARN]: Can't keep up! Is the server overloaded? Running 51807ms or 1036 ticks behind
[01:16:27] [Server thread/WARN]: Can't keep up! Is the server overloaded? Running 54782ms or 1095 ticks behind
[01:17:56] [Server thread/WARN]: Can't keep up! Is the server overloaded? Running 59390ms or 1187 ticks behind
[01:19:27] [Server thread/WARN]: Can't keep up! Is the server overloaded? Running 60617ms or 1212 ticks behind
[01:20:59] [Server thread/WARN]: Can't keep up! Is the server overloaded? Running 61718ms or 1234 ticks behind
[01:22:28] [Server thread/WARN]: Can't keep up! Is the server overloaded? Running 59917ms or 1198 ticks behind
[01:23:59] [Server thread/WARN]: Can't keep up! Is the server overloaded? Running 60310ms or 1206 ticks behind
[01:25:23] [Server thread/WARN]: Can't keep up! Is the server overloaded? Running 54188ms or 1083 ticks behind
[01:26:51] [Server thread/WARN]: Can't keep up! Is the server overloaded? Running 57691ms or 1153 ticks behind
[01:28:18] [Server thread/WARN]: Can't keep up! Is the server overloaded? Running 57574ms or 1151 ticks behind
[01:29:36] [Server thread/WARN]: Can't keep up! Is the server overloaded? Running 48208ms or 964 ticks behind
[01:31:02] [Server thread/WARN]: Can't keep up! Is the server overloaded? Running 55355ms or 1107 ticks behind
[01:32:23] [Server thread/WARN]: Can't keep up! Is the server overloaded? Running 50930ms or 1018 ticks behind
[01:33:52] [Server thread/WARN]: Can't keep up! Is the server overloaded? Running 58941ms or 1178 ticks behind
[01:35:16] [Server thread/WARN]: Can't keep up! Is the server overloaded? Running 54225ms or 1084 ticks behind
[01:36:37] [Server thread/WARN]: Can't keep up! Is the server overloaded? Running 50963ms or 1019 ticks behind
[01:38:03] [Server thread/WARN]: Can't keep up! Is the server overloaded? Running 56452ms or 1129 ticks behind
[01:39:37] [Server thread/WARN]: Can't keep up! Is the server overloaded? Running 63542ms or 1270 ticks behind
[01:41:30] [Server thread/WARN]: Can't keep up! Is the server overloaded? Running 83401ms or 1668 ticks behind
[01:42:53] [Server thread/WARN]: Can't keep up! Is the server overloaded? Running 53212ms or 1064 ticks behind
[01:44:22] [Server thread/WARN]: Can't keep up! Is the server overloaded? Running 58825ms or 1176 ticks behind
[01:45:46] [Server thread/WARN]: Can't keep up! Is the server overloaded? Running 54282ms or 1085 ticks behind
[01:47:09] [Server thread/WARN]: Can't keep up! Is the server overloaded? Running 52636ms or 1052 ticks behind
[01:48:34] [Server thread/WARN]: Can't keep up! Is the server overloaded? Running 54830ms or 1096 ticks behind
[01:49:57] [Server thread/WARN]: Can't keep up! Is the server overloaded? Running 53355ms or 1067 ticks behind
[01:51:23] [Server thread/WARN]: Can't keep up! Is the server overloaded? Running 56285ms or 1125 ticks behind
[01:52:43] [Server thread/WARN]: Can't keep up! Is the server overloaded? Running 49900ms or 998 ticks behind
[01:54:12] [Server thread/WARN]: Can't keep up! Is the server overloaded? Running 58914ms or 1178 ticks behind
[01:55:36] [Server thread/WARN]: Can't keep up! Is the server overloaded? Running 54356ms or 1087 ticks behind
[01:57:02] [Server thread/WARN]: Can't keep up! Is the server overloaded? Running 55767ms or 1115 ticks behind
[01:58:25] [Server thread/WARN]: Can't keep up! Is the server overloaded? Running 52715ms or 1054 ticks behind
[01:59:51] [Server thread/WARN]: Can't keep up! Is the server overloaded? Running 56254ms or 1125 ticks behind
[02:01:24] [Server thread/WARN]: Can't keep up! Is the server overloaded? Running 63271ms or 1265 ticks behind
[02:02:55] [Server thread/WARN]: Can't keep up! Is the server overloaded? Running 60422ms or 1208 ticks behind
[02:04:28] [Server thread/WARN]: Can't keep up! Is the server overloaded? Running 63684ms or 1273 ticks behind
[02:06:05] [Server thread/WARN]: Can't keep up! Is the server overloaded? Running 66677ms or 1333 ticks behind
[02:07:41] [Server thread/WARN]: Can't keep up! Is the server overloaded? Running 66210ms or 1324 ticks behind
[02:09:12] [Server thread/WARN]: Can't keep up! Is the server overloaded? Running 60765ms or 1215 ticks behind
[02:10:44] [Server thread/WARN]: Can't keep up! Is the server overloaded? Running 62436ms or 1248 ticks behind
[02:12:16] [Server thread/WARN]: Can't keep up! Is the server overloaded? Running 61452ms or 1229 ticks behind
[02:13:41] [Server thread/WARN]: Can't keep up! Is the server overloaded? Running 55529ms or 1110 ticks behind
[02:15:07] [Server thread/WARN]: Can't keep up! Is the server overloaded? Running 55689ms or 1113 ticks behind
[02:16:38] [Server thread/WARN]: Can't keep up! Is the server overloaded? Running 61492ms or 1229 ticks behind
[02:18:08] [Server thread/WARN]: Can't keep up! Is the server overloaded? Running 59209ms or 1184 ticks behind
[02:19:32] [Server thread/WARN]: Can't keep up! Is the server overloaded? Running 54807ms or 1096 ticks behind
[02:21:00] [Server thread/WARN]: Can't keep up! Is the server overloaded? Running 57571ms or 1151 ticks behind
[02:22:26] [Server thread/WARN]: Can't keep up! Is the server overloaded? Running 56458ms or 1129 ticks behind
[02:23:54] [Server thread/WARN]: Can't keep up! Is the server overloaded? Running 57707ms or 1154 ticks behind
[02:25:22] [Server thread/WARN]: Can't keep up! Is the server overloaded? Running 58268ms or 1165 ticks behind
[02:26:49] [Server thread/WARN]: Can't keep up! Is the server overloaded? Running 56454ms or 1129 ticks behind
[02:28:17] [Server thread/WARN]: Can't keep up! Is the server overloaded? Running 58574ms or 1171 ticks behind
[02:29:47] [Server thread/WARN]: Can't keep up! Is the server overloaded? Running 59448ms or 1188 ticks behind
[02:31:15] [Server thread/WARN]: Can't keep up! Is the server overloaded? Running 58075ms or 1161 ticks behind
[02:32:44] [Server thread/WARN]: Can't keep up! Is the server overloaded? Running 59138ms or 1182 ticks behind
[02:34:08] [Server thread/WARN]: Can't keep up! Is the server overloaded? Running 54435ms or 1088 ticks behind
[02:35:39] [Server thread/WARN]: Can't keep up! Is the server overloaded? Running 60359ms or 1207 ticks behind
[02:37:10] [Server thread/WARN]: Can't keep up! Is the server overloaded? Running 61269ms or 1225 ticks behind
[02:38:37] [Server thread/WARN]: Can't keep up! Is the server overloaded? Running 57481ms or 1149 ticks behind
[02:40:08] [Server thread/WARN]: Can't keep up! Is the server overloaded? Running 61101ms or 1222 ticks behind
[02:42:00] [Server thread/WARN]: Can't keep up! Is the server overloaded? Running 81902ms or 1638 ticks behind
[02:43:31] [Server thread/WARN]: Can't keep up! Is the server overloaded? Running 60508ms or 1210 ticks behind
[02:45:00] [Server thread/WARN]: Can't keep up! Is the server overloaded? Running 58656ms or 1173 ticks behind
[02:46:26] [Server thread/WARN]: Can't keep up! Is the server overloaded? Running 56825ms or 1136 ticks behind
[02:47:56] [Server thread/WARN]: Can't keep up! Is the server overloaded? Running 59641ms or 1192 ticks behind
[02:49:28] [Server thread/WARN]: Can't keep up! Is the server overloaded? Running 61696ms or 1233 ticks behind
[02:51:00] [Server thread/WARN]: Can't keep up! Is the server overloaded? Running 62226ms or 1244 ticks behind
[02:52:31] [Server thread/WARN]: Can't keep up! Is the server overloaded? Running 61006ms or 1220 ticks behind
[02:54:02] [Server thread/WARN]: Can't keep up! Is the server overloaded? Running 61070ms or 1221 ticks behind
[02:55:33] [Server thread/WARN]: Can't keep up! Is the server overloaded? Running 60991ms or 1219 ticks behind
[02:57:06] [Server thread/WARN]: Can't keep up! Is the server overloaded? Running 63623ms or 1272 ticks behind
[02:58:33] [Server thread/WARN]: Can't keep up! Is the server overloaded? Running 56527ms or 1130 ticks behind
[03:00:03] [Server thread/WARN]: Can't keep up! Is the server overloaded? Running 60402ms or 1208 ticks behind
[03:01:40] [Server thread/WARN]: Can't keep up! Is the server overloaded? Running 67214ms or 1344 ticks behind
[03:03:16] [Server thread/WARN]: Can't keep up! Is the server overloaded? Running 65743ms or 1314 ticks behind
[03:04:48] [Server thread/WARN]: Can't keep up! Is the server overloaded? Running 61757ms or 1235 ticks behind
[03:06:21] [Server thread/WARN]: Can't keep up! Is the server overloaded? Running 63385ms or 1267 ticks behind
[03:07:51] [Server thread/WARN]: Can't keep up! Is the server overloaded? Running 59735ms or 1194 ticks behind
[03:09:24] [Server thread/WARN]: Can't keep up! Is the server overloaded? Running 63446ms or 1268 ticks behind
[03:10:56] [Server thread/WARN]: Can't keep up! Is the server overloaded? Running 61358ms or 1227 ticks behind
[03:12:27] [Server thread/WARN]: Can't keep up! Is the server overloaded? Running 61341ms or 1226 ticks behind
[03:13:57] [Server thread/WARN]: Can't keep up! Is the server overloaded? Running 60057ms or 1201 ticks behind
[03:15:27] [Server thread/WARN]: Can't keep up! Is the server overloaded? Running 59503ms or 1190 ticks behind
[03:16:52] [Server thread/WARN]: Can't keep up! Is the server overloaded? Running 55659ms or 1113 ticks behind
[03:18:18] [Server thread/WARN]: Can't keep up! Is the server overloaded? Running 55383ms or 1107 ticks behind
[03:19:44] [Server thread/WARN]: Can't keep up! Is the server overloaded? Running 56152ms or 1123 ticks behind
[03:21:09] [Server thread/WARN]: Can't keep up! Is the server overloaded? Running 54921ms or 1098 ticks behind
[03:22:36] [Server thread/WARN]: Can't keep up! Is the server overloaded? Running 56983ms or 1139 ticks behind
[03:24:01] [Server thread/WARN]: Can't keep up! Is the server overloaded? Running 54951ms or 1099 ticks behind
[03:25:27] [Server thread/WARN]: Can't keep up! Is the server overloaded? Running 56510ms or 1130 ticks behind
[03:26:56] [Server thread/WARN]: Can't keep up! Is the server overloaded? Running 58727ms or 1174 ticks behind
[03:28:26] [Server thread/WARN]: Can't keep up! Is the server overloaded? Running 60441ms or 1208 ticks behind
[03:29:53] [Server thread/WARN]: Can't keep up! Is the server overloaded? Running 56864ms or 1137 ticks behind
[03:31:26] [Server thread/WARN]: Can't keep up! Is the server overloaded? Running 63153ms or 1263 ticks behind
[03:32:54] [Server thread/WARN]: Can't keep up! Is the server overloaded? Running 57997ms or 1159 ticks behind
[03:34:25] [Server thread/WARN]: Can't keep up! Is the server overloaded? Running 60790ms or 1215 ticks behind
[03:35:55] [Server thread/WARN]: Can't keep up! Is the server overloaded? Running 59770ms or 1195 ticks behind
[03:37:23] [Server thread/WARN]: Can't keep up! Is the server overloaded? Running 58071ms or 1161 ticks behind
[03:38:49] [Server thread/WARN]: Can't keep up! Is the server overloaded? Running 56431ms or 1128 ticks behind
[03:40:26] [Server thread/WARN]: Can't keep up! Is the server overloaded? Running 66943ms or 1338 ticks behind
[03:42:15] [Server thread/WARN]: Can't keep up! Is the server overloaded? Running 78638ms or 1572 ticks behind
[03:43:40] [Server thread/WARN]: Can't keep up! Is the server overloaded? Running 55479ms or 1109 ticks behind
[03:45:06] [Server thread/WARN]: Can't keep up! Is the server overloaded? Running 56507ms or 1130 ticks behind
[03:46:35] [Server thread/WARN]: Can't keep up! Is the server overloaded? Running 58747ms or 1174 ticks behind
[03:47:59] [Server thread/WARN]: Can't keep up! Is the server overloaded? Running 53759ms or 1075 ticks behind
[03:49:26] [Server thread/WARN]: Can't keep up! Is the server overloaded? Running 56848ms or 1136 ticks behind
[03:50:53] [Server thread/WARN]: Can't keep up! Is the server overloaded? Running 57088ms or 1141 ticks behind
[03:52:18] [Server thread/WARN]: Can't keep up! Is the server overloaded? Running 55611ms or 1112 ticks behind
[03:53:42] [Server thread/WARN]: Can't keep up! Is the server overloaded? Running 53806ms or 1076 ticks behind
[03:55:10] [Server thread/WARN]: Can't keep up! Is the server overloaded? Running 57586ms or 1151 ticks behind
[03:56:35] [Server thread/WARN]: Can't keep up! Is the server overloaded? Running 55014ms or 1100 ticks behind
[03:58:03] [Server thread/WARN]: Can't keep up! Is the server overloaded? Running 57776ms or 1155 ticks behind
[03:59:30] [Server thread/WARN]: Can't keep up! Is the server overloaded? Running 57432ms or 1148 ticks behind
[04:01:09] [Server thread/WARN]: Can't keep up! Is the server overloaded? Running 68817ms or 1376 ticks behind
[04:02:42] [Server thread/WARN]: Can't keep up! Is the server overloaded? Running 63652ms or 1273 ticks behind
[04:04:15] [Server thread/WARN]: Can't keep up! Is the server overloaded? Running 62859ms or 1257 ticks behind
[04:05:44] [Server thread/WARN]: Can't keep up! Is the server overloaded? Running 59089ms or 1181 ticks behind
[04:07:12] [Server thread/WARN]: Can't keep up! Is the server overloaded? Running 58074ms or 1161 ticks behind
[04:08:43] [Server thread/WARN]: Can't keep up! Is the server overloaded? Running 60482ms or 1209 ticks behind
[04:10:12] [Server thread/WARN]: Can't keep up! Is the server overloaded? Running 59353ms or 1187 ticks behind
[04:11:40] [Server thread/WARN]: Can't keep up! Is the server overloaded? Running 58397ms or 1167 ticks behind
[04:13:14] [Server thread/WARN]: Can't keep up! Is the server overloaded? Running 63578ms or 1271 ticks behind
[04:14:43] [Server thread/WARN]: Can't keep up! Is the server overloaded? Running 58846ms or 1176 ticks behind
[04:16:13] [Server thread/WARN]: Can't keep up! Is the server overloaded? Running 60376ms or 1207 ticks behind
[04:17:41] [Server thread/WARN]: Can't keep up! Is the server overloaded? Running 57857ms or 1157 ticks behind
[04:19:09] [Server thread/WARN]: Can't keep up! Is the server overloaded? Running 58413ms or 1168 ticks behind
[04:20:41] [Server thread/WARN]: Can't keep up! Is the server overloaded? Running 61691ms or 1233 ticks behind
[04:22:14] [Server thread/WARN]: Can't keep up! Is the server overloaded? Running 62565ms or 1251 ticks behind
[04:23:47] [Server thread/WARN]: Can't keep up! Is the server overloaded? Running 63443ms or 1268 ticks behind
[04:25:19] [Server thread/WARN]: Can't keep up! Is the server overloaded? Running 61883ms or 1237 ticks behind
[04:26:45] [Server thread/WARN]: Can't keep up! Is the server overloaded? Running 56091ms or 1121 ticks behind
[04:28:16] [Server thread/WARN]: Can't keep up! Is the server overloaded? Running 60800ms or 1216 ticks behind
[04:29:45] [Server thread/WARN]: Can't keep up! Is the server overloaded? Running 59794ms or 1195 ticks behind
[04:31:20] [Server thread/WARN]: Can't keep up! Is the server overloaded? Running 64613ms or 1292 ticks behind
[04:32:58] [Server thread/WARN]: Can't keep up! Is the server overloaded? Running 67924ms or 1358 ticks behind
[04:34:34] [Server thread/WARN]: Can't keep up! Is the server overloaded? Running 66429ms or 1328 ticks behind
[04:36:11] [Server thread/WARN]: Can't keep up! Is the server overloaded? Running 66577ms or 1331 ticks behind
[04:37:42] [Server thread/WARN]: Can't keep up! Is the server overloaded? Running 61589ms or 1231 ticks behind
[04:39:16] [Server thread/WARN]: Can't keep up! Is the server overloaded? Running 63141ms or 1262 ticks behind
[04:41:18] [Server thread/WARN]: Can't keep up! Is the server overloaded? Running 92266ms or 1845 ticks behind
[04:42:50] [Server thread/WARN]: Can't keep up! Is the server overloaded? Running 62447ms or 1248 ticks behind
[04:44:24] [Server thread/WARN]: Can't keep up! Is the server overloaded? Running 63911ms or 1278 ticks behind
[04:45:55] [Server thread/WARN]: Can't keep up! Is the server overloaded? Running 61015ms or 1220 ticks behind
[04:47:28] [Server thread/WARN]: Can't keep up! Is the server overloaded? Running 62584ms or 1251 ticks behind
[04:48:59] [Server thread/WARN]: Can't keep up! Is the server overloaded? Running 61440ms or 1228 ticks behind
[04:50:32] [Server thread/WARN]: Can't keep up! Is the server overloaded? Running 63418ms or 1268 ticks behind
[04:52:06] [Server thread/WARN]: Can't keep up! Is the server overloaded? Running 63903ms or 1278 ticks behind
[04:53:33] [Server thread/WARN]: Can't keep up! Is the server overloaded? Running 56699ms or 1133 ticks behind
[04:55:11] [Server thread/WARN]: Can't keep up! Is the server overloaded? Running 68415ms or 1368 ticks behind
[04:56:47] [Server thread/WARN]: Can't keep up! Is the server overloaded? Running 65725ms or 1314 ticks behind
[04:58:22] [Server thread/WARN]: Can't keep up! Is the server overloaded? Running 65094ms or 1301 ticks behind
[04:59:55] [Server thread/WARN]: Can't keep up! Is the server overloaded? Running 63142ms or 1262 ticks behind
[05:01:36] [Server thread/WARN]: Can't keep up! Is the server overloaded? Running 70758ms or 1415 ticks behind
[05:03:17] [Server thread/WARN]: Can't keep up! Is the server overloaded? Running 71142ms or 1422 ticks behind
[05:04:56] [Server thread/WARN]: Can't keep up! Is the server overloaded? Running 68751ms or 1375 ticks behind
[05:06:36] [Server thread/WARN]: Can't keep up! Is the server overloaded? Running 69674ms or 1393 ticks behind
[05:08:13] [Server thread/WARN]: Can't keep up! Is the server overloaded? Running 67628ms or 1352 ticks behind
[05:09:53] [Server thread/WARN]: Can't keep up! Is the server overloaded? Running 69452ms or 1389 ticks behind
[05:11:30] [Server thread/WARN]: Can't keep up! Is the server overloaded? Running 67733ms or 1354 ticks behind
[05:13:06] [Server thread/WARN]: Can't keep up! Is the server overloaded? Running 65803ms or 1316 ticks behind
[05:14:44] [Server thread/WARN]: Can't keep up! Is the server overloaded? Running 68431ms or 1368 ticks behind
[05:16:20] [Server thread/WARN]: Can't keep up! Is the server overloaded? Running 65614ms or 1312 ticks behind
[05:17:54] [Server thread/WARN]: Can't keep up! Is the server overloaded? Running 63763ms or 1275 ticks behind
[05:19:31] [Server thread/WARN]: Can't keep up! Is the server overloaded? Running 67702ms or 1354 ticks behind
[05:21:02] [Server thread/WARN]: Can't keep up! Is the server overloaded? Running 60710ms or 1214 ticks behind
[05:22:27] [Server thread/WARN]: Can't keep up! Is the server overloaded? Running 54921ms or 1098 ticks behind
[05:23:56] [Server thread/WARN]: Can't keep up! Is the server overloaded? Running 58914ms or 1178 ticks behind
[05:25:24] [Server thread/WARN]: Can't keep up! Is the server overloaded? Running 57852ms or 1157 ticks behind
[05:26:49] [Server thread/WARN]: Can't keep up! Is the server overloaded? Running 55414ms or 1108 ticks behind
[05:28:15] [Server thread/WARN]: Can't keep up! Is the server overloaded? Running 56017ms or 1120 ticks behind
[05:29:41] [Server thread/WARN]: Can't keep up! Is the server overloaded? Running 55669ms or 1113 ticks behind
[05:31:10] [Server thread/WARN]: Can't keep up! Is the server overloaded? Running 59237ms or 1184 ticks behind
[05:32:37] [Server thread/WARN]: Can't keep up! Is the server overloaded? Running 56654ms or 1133 ticks behind
[05:34:01] [Server thread/WARN]: Can't keep up! Is the server overloaded? Running 54020ms or 1080 ticks behind
[05:35:32] [Server thread/WARN]: Can't keep up! Is the server overloaded? Running 61390ms or 1227 ticks behind
[05:37:02] [Server thread/WARN]: Can't keep up! Is the server overloaded? Running 59453ms or 1189 ticks behind
[05:38:26] [Server thread/WARN]: Can't keep up! Is the server overloaded? Running 54261ms or 1085 ticks behind
[05:39:46] [Server thread/WARN]: Can't keep up! Is the server overloaded? Running 50313ms or 1006 ticks behind
[05:41:38] [Server thread/WARN]: Can't keep up! Is the server overloaded? Running 81627ms or 1632 ticks behind
[05:43:02] [Server thread/WARN]: Can't keep up! Is the server overloaded? Running 54684ms or 1093 ticks behind
[05:44:27] [Server thread/WARN]: Can't keep up! Is the server overloaded? Running 54503ms or 1090 ticks behind
[05:45:50] [Server thread/WARN]: Can't keep up! Is the server overloaded? Running 53643ms or 1072 ticks behind
[05:47:16] [Server thread/WARN]: Can't keep up! Is the server overloaded? Running 55824ms or 1116 ticks behind
[05:48:41] [Server thread/WARN]: Can't keep up! Is the server overloaded? Running 54572ms or 1091 ticks behind
[05:50:07] [Server thread/WARN]: Can't keep up! Is the server overloaded? Running 55785ms or 1115 ticks behind
[05:51:33] [Server thread/WARN]: Can't keep up! Is the server overloaded? Running 55990ms or 1119 ticks behind
[05:52:56] [Server thread/WARN]: Can't keep up! Is the server overloaded? Running 53976ms or 1079 ticks behind
[05:54:22] [Server thread/WARN]: Can't keep up! Is the server overloaded? Running 55741ms or 1114 ticks behind
[05:55:46] [Server thread/WARN]: Can't keep up! Is the server overloaded? Running 54191ms or 1083 ticks behind
[05:57:10] [Server thread/WARN]: Can't keep up! Is the server overloaded? Running 54030ms or 1080 ticks behind
[05:58:33] [Server thread/WARN]: Can't keep up! Is the server overloaded? Running 52623ms or 1052 ticks behind
[05:59:57] [Server thread/WARN]: Can't keep up! Is the server overloaded? Running 54002ms or 1080 ticks behind
[06:01:26] [Server thread/WARN]: Can't keep up! Is the server overloaded? Running 58683ms or 1173 ticks behind
[06:02:53] [Server thread/WARN]: Can't keep up! Is the server overloaded? Running 57315ms or 1146 ticks behind
[06:04:23] [Server thread/WARN]: Can't keep up! Is the server overloaded? Running 60289ms or 1205 ticks behind
[06:05:47] [Server thread/WARN]: Can't keep up! Is the server overloaded? Running 54271ms or 1085 ticks behind
[06:07:19] [Server thread/WARN]: Can't keep up! Is the server overloaded? Running 61489ms or 1229 ticks behind
[06:08:50] [Server thread/WARN]: Can't keep up! Is the server overloaded? Running 60742ms or 1214 ticks behind
[06:10:18] [Server thread/WARN]: Can't keep up! Is the server overloaded? Running 58282ms or 1165 ticks behind
[06:11:47] [Server thread/WARN]: Can't keep up! Is the server overloaded? Running 59229ms or 1184 ticks behind
[06:13:19] [Server thread/WARN]: Can't keep up! Is the server overloaded? Running 61754ms or 1235 ticks behind
[06:14:47] [Server thread/WARN]: Can't keep up! Is the server overloaded? Running 58732ms or 1174 ticks behind
[06:16:21] [Server thread/WARN]: Can't keep up! Is the server overloaded? Running 63730ms or 1274 ticks behind
[06:17:54] [Server thread/WARN]: Can't keep up! Is the server overloaded? Running 62882ms or 1257 ticks behind
[06:18:31] [Netty Epoll Server IO #0/ERROR]: Received class net.minecraft.network.protocol.game.PacketPlayInTeleportAccept that couldn't be processed
java.lang.ClassCastException: class net.minecraft.server.network.HandshakeListener cannot be cast to class net.minecraft.network.protocol.game.PacketListenerPlayIn (net.minecraft.server.network.HandshakeListener and net.minecraft.network.protocol.game.PacketListenerPlayIn are in unnamed module of loader java.net.URLClassLoader @2b71fc7e)
	at net.minecraft.network.protocol.game.ServerboundAcceptTeleportationPacket.a(ServerboundAcceptTeleportationPacket.java:10) ~[?:?]
	at net.minecraft.network.Connection.genericsFtw(Connection.java:315) ~[?:?]
	at net.minecraft.network.Connection.channelRead0(Connection.java:299) ~[?:?]
	at net.minecraft.network.Connection.channelRead0(Connection.java:51) ~[?:?]
	at io.netty.channel.SimpleChannelInboundHandler.channelRead(SimpleChannelInboundHandler.java:99) ~[netty-transport-4.1.87.Final.jar:4.1.87.Final]
	at io.netty.channel.AbstractChannelHandlerContext.invokeChannelRead(AbstractChannelHandlerContext.java:444) ~[netty-transport-4.1.87.Final.jar:4.1.87.Final]
	at io.netty.channel.AbstractChannelHandlerContext.invokeChannelRead(AbstractChannelHandlerContext.java:420) ~[netty-transport-4.1.87.Final.jar:4.1.87.Final]
	at io.netty.channel.AbstractChannelHandlerContext.fireChannelRead(AbstractChannelHandlerContext.java:412) ~[netty-transport-4.1.87.Final.jar:4.1.87.Final]
	at org.geysermc.floodgate.addon.data.CommonDataHandler.channelRead(CommonDataHandler.java:179) ~[Hcw1.jar:?]
	at io.netty.channel.AbstractChannelHandlerContext.invokeChannelRead(AbstractChannelHandlerContext.java:444) ~[netty-transport-4.1.87.Final.jar:4.1.87.Final]
	at io.netty.channel.AbstractChannelHandlerContext.invokeChannelRead(AbstractChannelHandlerContext.java:420) ~[netty-transport-4.1.87.Final.jar:4.1.87.Final]
	at io.netty.channel.AbstractChannelHandlerContext.fireChannelRead(AbstractChannelHandlerContext.java:412) ~[netty-transport-4.1.87.Final.jar:4.1.87.Final]
	at io.netty.handler.codec.MessageToMessageDecoder.channelRead(MessageToMessageDecoder.java:103) ~[netty-codec-4.1.87.Final.jar:4.1.87.Final]
	at io.netty.channel.AbstractChannelHandlerContext.invokeChannelRead(AbstractChannelHandlerContext.java:444) ~[netty-transport-4.1.87.Final.jar:4.1.87.Final]
	at io.netty.channel.AbstractChannelHandlerContext.invokeChannelRead(AbstractChannelHandlerContext.java:420) ~[netty-transport-4.1.87.Final.jar:4.1.87.Final]
	at io.netty.channel.AbstractChannelHandlerContext.fireChannelRead(AbstractChannelHandlerContext.java:412) ~[netty-transport-4.1.87.Final.jar:4.1.87.Final]
	at io.netty.handler.codec.ByteToMessageDecoder.fireChannelRead(ByteToMessageDecoder.java:346) ~[netty-codec-4.1.87.Final.jar:4.1.87.Final]
	at io.netty.handler.codec.ByteToMessageDecoder.channelRead(ByteToMessageDecoder.java:318) ~[netty-codec-4.1.87.Final.jar:4.1.87.Final]
	at io.netty.channel.AbstractChannelHandlerContext.invokeChannelRead(AbstractChannelHandlerContext.java:444) ~[netty-transport-4.1.87.Final.jar:4.1.87.Final]
	at io.netty.channel.AbstractChannelHandlerContext.invokeChannelRead(AbstractChannelHandlerContext.java:420) ~[netty-transport-4.1.87.Final.jar:4.1.87.Final]
	at io.netty.channel.AbstractChannelHandlerContext.fireChannelRead(AbstractChannelHandlerContext.java:412) ~[netty-transport-4.1.87.Final.jar:4.1.87.Final]
	at io.netty.handler.codec.ByteToMessageDecoder.fireChannelRead(ByteToMessageDecoder.java:346) ~[netty-codec-4.1.87.Final.jar:4.1.87.Final]
	at io.netty.handler.codec.ByteToMessageDecoder.fireChannelRead(ByteToMessageDecoder.java:333) ~[netty-codec-4.1.87.Final.jar:4.1.87.Final]
	at io.netty.handler.codec.ByteToMessageDecoder.callDecode(ByteToMessageDecoder.java:454) ~[netty-codec-4.1.87.Final.jar:4.1.87.Final]
	at io.netty.handler.codec.ByteToMessageDecoder.channelRead(ByteToMessageDecoder.java:290) ~[netty-codec-4.1.87.Final.jar:4.1.87.Final]
	at io.netty.channel.AbstractChannelHandlerContext.invokeChannelRead(AbstractChannelHandlerContext.java:444) ~[netty-transport-4.1.87.Final.jar:4.1.87.Final]
	at io.netty.channel.AbstractChannelHandlerContext.invokeChannelRead(AbstractChannelHandlerContext.java:420) ~[netty-transport-4.1.87.Final.jar:4.1.87.Final]
	at io.netty.channel.AbstractChannelHandlerContext.fireChannelRead(AbstractChannelHandlerContext.java:412) ~[netty-transport-4.1.87.Final.jar:4.1.87.Final]
	at net.minecraft.server.network.LegacyQueryHandler.channelRead(LegacyQueryHandler.java:122) ~[?:?]
	at io.netty.channel.AbstractChannelHandlerContext.invokeChannelRead(AbstractChannelHandlerContext.java:444) ~[netty-transport-4.1.87.Final.jar:4.1.87.Final]
	at io.netty.channel.AbstractChannelHandlerContext.invokeChannelRead(AbstractChannelHandlerContext.java:420) ~[netty-transport-4.1.87.Final.jar:4.1.87.Final]
	at io.netty.channel.AbstractChannelHandlerContext.fireChannelRead(AbstractChannelHandlerContext.java:412) ~[netty-transport-4.1.87.Final.jar:4.1.87.Final]
	at io.netty.handler.timeout.IdleStateHandler.channelRead(IdleStateHandler.java:286) ~[netty-handler-4.1.87.Final.jar:4.1.87.Final]
	at io.netty.channel.AbstractChannelHandlerContext.invokeChannelRead(AbstractChannelHandlerContext.java:442) ~[netty-transport-4.1.87.Final.jar:4.1.87.Final]
	at io.netty.channel.AbstractChannelHandlerContext.invokeChannelRead(AbstractChannelHandlerContext.java:420) ~[netty-transport-4.1.87.Final.jar:4.1.87.Final]
	at io.netty.channel.AbstractChannelHandlerContext.fireChannelRead(AbstractChannelHandlerContext.java:412) ~[netty-transport-4.1.87.Final.jar:4.1.87.Final]
	at io.netty.handler.flush.FlushConsolidationHandler.channelRead(FlushConsolidationHandler.java:152) ~[netty-handler-4.1.87.Final.jar:4.1.87.Final]
	at io.netty.channel.AbstractChannelHandlerContext.invokeChannelRead(AbstractChannelHandlerContext.java:442) ~[netty-transport-4.1.87.Final.jar:4.1.87.Final]
	at io.netty.channel.AbstractChannelHandlerContext.invokeChannelRead(AbstractChannelHandlerContext.java:420) ~[netty-transport-4.1.87.Final.jar:4.1.87.Final]
	at io.netty.channel.AbstractChannelHandlerContext.fireChannelRead(AbstractChannelHandlerContext.java:412) ~[netty-transport-4.1.87.Final.jar:4.1.87.Final]
	at io.netty.channel.DefaultChannelPipeline$HeadContext.channelRead(DefaultChannelPipeline.java:1410) ~[netty-transport-4.1.87.Final.jar:4.1.87.Final]
	at io.netty.channel.AbstractChannelHandlerContext.invokeChannelRead(AbstractChannelHandlerContext.java:440) ~[netty-transport-4.1.87.Final.jar:4.1.87.Final]
	at io.netty.channel.AbstractChannelHandlerContext.invokeChannelRead(AbstractChannelHandlerContext.java:420) ~[netty-transport-4.1.87.Final.jar:4.1.87.Final]
	at io.netty.channel.DefaultChannelPipeline.fireChannelRead(DefaultChannelPipeline.java:919) ~[netty-transport-4.1.87.Final.jar:4.1.87.Final]
	at io.netty.channel.epoll.AbstractEpollStreamChannel$EpollStreamUnsafe.epollInReady(AbstractEpollStreamChannel.java:800) ~[netty-transport-classes-epoll-4.1.87.Final.jar:4.1.87.Final]
	at io.netty.channel.epoll.EpollEventLoop.processReady(EpollEventLoop.java:499) ~[netty-transport-classes-epoll-4.1.87.Final.jar:4.1.87.Final]
	at io.netty.channel.epoll.EpollEventLoop.run(EpollEventLoop.java:397) ~[netty-transport-classes-epoll-4.1.87.Final.jar:4.1.87.Final]
	at io.netty.util.concurrent.SingleThreadEventExecutor$4.run(SingleThreadEventExecutor.java:997) ~[netty-common-4.1.87.Final.jar:4.1.87.Final]
	at io.netty.util.internal.ThreadExecutorMap$2.run(ThreadExecutorMap.java:74) ~[netty-common-4.1.87.Final.jar:4.1.87.Final]
	at java.lang.Thread.run(Thread.java:833) ~[?:?]
[06:19:24] [Server thread/WARN]: Can't keep up! Is the server overloaded? Running 59708ms or 1194 ticks behind
[06:20:49] [Server thread/WARN]: Can't keep up! Is the server overloaded? Running 55343ms or 1106 ticks behind
[06:22:17] [Server thread/WARN]: Can't keep up! Is the server overloaded? Running 58545ms or 1170 ticks behind
[06:23:45] [Server thread/WARN]: Can't keep up! Is the server overloaded? Running 57621ms or 1152 ticks behind
[06:25:14] [Server thread/WARN]: Can't keep up! Is the server overloaded? Running 59308ms or 1186 ticks behind
[06:26:46] [Server thread/WARN]: Can't keep up! Is the server overloaded? Running 61336ms or 1226 ticks behind
[06:28:12] [Server thread/WARN]: Can't keep up! Is the server overloaded? Running 56800ms or 1136 ticks behind
[06:29:39] [Server thread/WARN]: Can't keep up! Is the server overloaded? Running 56891ms or 1137 ticks behind
[06:31:12] [Server thread/WARN]: Can't keep up! Is the server overloaded? Running 62692ms or 1253 ticks behind
[06:32:40] [Server thread/WARN]: Can't keep up! Is the server overloaded? Running 58182ms or 1163 ticks behind
[06:34:13] [Server thread/WARN]: Can't keep up! Is the server overloaded? Running 63054ms or 1261 ticks behind
[06:35:49] [Server thread/WARN]: Can't keep up! Is the server overloaded? Running 65730ms or 1314 ticks behind
[06:37:21] [Server thread/WARN]: Can't keep up! Is the server overloaded? Running 62087ms or 1241 ticks behind
[06:38:54] [Server thread/WARN]: Can't keep up! Is the server overloaded? Running 63168ms or 1263 ticks behind
[06:39:53] [Server thread/INFO]: [Essentials] CONSOLE issued server command: /list 
[06:39:53] [Server thread/INFO]: There are 0 out of maximum 20 players online.
[06:39:58] [Server thread/INFO]: Stopping the server
[06:39:58] [Server thread/INFO]: Stopping server
[06:39:58] [Server thread/INFO]: [Essentials] Disabling Essentials v2.20.1-dev+12-8b2c7d7
[06:39:58] [Server thread/INFO]: [Geyser-Spigot] Disabling Geyser-Spigot v2.1.1-SNAPSHOT
[06:39:58] [Server thread/INFO]: [Geyser-Spigot] Shutting down Geyser.
[06:39:58] [Server thread/INFO]: [Geyser-Spigot] Geyser shutdown successfully.
[06:39:58] [Server thread/INFO]: [floodgate] Disabling floodgate v2.2.2-SNAPSHOT (b59-2278589)
[06:39:58] [WebSocketConnectReadThread-10933/INFO]: [Geyser-Spigot] The skin uploader has been closed
[06:39:58] [Server thread/INFO]: Saving players
[06:39:58] [Server thread/INFO]: Saving worlds
[06:39:58] [Server thread/INFO]: Saving chunks for level 'ServerLevel[world]'/minecraft:overworld
[06:39:58] [Server thread/INFO]: [ChunkHolderManager] Waiting 60s for chunk system to halt for world 'world'
[06:39:58] [Server thread/INFO]: [ChunkHolderManager] Halted chunk system for world 'world'
[06:39:58] [Server thread/INFO]: [ChunkHolderManager] Saving all chunkholders for world 'world'
[06:39:58] [Server thread/INFO]: [ChunkHolderManager] Saved 72 block chunks, 442 entity chunks, 0 poi chunks in world 'world' in 0.46s
[06:39:59] [Server thread/INFO]: ThreadedAnvilChunkStorage (world): All chunks are saved
[06:39:59] [Server thread/INFO]: Saving chunks for level 'ServerLevel[world_nether]'/minecraft:the_nether
[06:39:59] [Server thread/INFO]: [ChunkHolderManager] Waiting 60s for chunk system to halt for world 'world_nether'
[06:39:59] [Server thread/INFO]: [ChunkHolderManager] Halted chunk system for world 'world_nether'
[06:39:59] [Server thread/INFO]: [ChunkHolderManager] Saving all chunkholders for world 'world_nether'
[06:39:59] [Server thread/INFO]: [ChunkHolderManager] Saved 479 block chunks, 127 entity chunks, 0 poi chunks in world 'world_nether' in 0.32s
[06:39:59] [Server thread/INFO]: ThreadedAnvilChunkStorage (DIM-1): All chunks are saved
[06:39:59] [Server thread/INFO]: Saving chunks for level 'ServerLevel[world_the_end]'/minecraft:the_end
[06:39:59] [Server thread/INFO]: [ChunkHolderManager] Waiting 60s for chunk system to halt for world 'world_the_end'
[06:39:59] [Server thread/INFO]: [ChunkHolderManager] Halted chunk system for world 'world_the_end'
[06:39:59] [Server thread/INFO]: [ChunkHolderManager] Saving all chunkholders for world 'world_the_end'
[06:40:01] [Server thread/INFO]: [ChunkHolderManager] Saved 1042 block chunks, 170 entity chunks, 0 poi chunks in world 'world_the_end' in 2.20s
[06:40:02] [Server thread/INFO]: ThreadedAnvilChunkStorage (DIM1): All chunks are saved
[06:40:02] [Server thread/INFO]: ThreadedAnvilChunkStorage: All dimensions are saved
[06:40:02] [Server thread/INFO]: Flushing Chunk IO
[06:40:02] [Server thread/INFO]: Closing Thread Pool
[06:40:02] [Server thread/INFO]: Closing Server
